x26 = Identificador
= = Asignacion
1.5e-8 = Numero
; = FinSentencia
== = OperadorRelacional
= = Asignacion
&& = OperadorLogico
& = Caracter
|| = OperadorLogico
| = Caracter
! = OperadorLogico
!= = OperadorRelacional
< = OperadorRelacional
< = OperadorRelacional
<> = OperadorRelacional
> = OperadorRelacional
> = OperadorRelacional
>= = OperadorRelacional
<= = OperadorRelacional
++ = IncrementoTermino
+ = OperadorTermino
-- = IncrementoTermino
- = OperadorTermino
+= = IncrementoTermino
-= = IncrementoTermino
* = OperadorFactor
/ = OperadorFactor
*= = OperadorFactor
/= = OperadorFactor
% = OperadorFactor
%= = OperadorFactor
? = OperadorTernario
"" = cadena
"Hola mundo" = cadena
{ = Caracter
} = Caracter
+ = OperadorTermino
￿ = Caracter
